<?xml version="1.0" encoding="UTF-8"?>
<testng-results ignored="0" total="1" passed="1" failed="0" skipped="0">
  <reporter-output>
  </reporter-output>
  <suite started-at="2022-09-27T19:35:36 IST" name="Default suite" finished-at="2022-09-27T19:35:45 IST" duration-ms="9371">
    <groups>
    </groups>
    <test started-at="2022-09-27T19:35:36 IST" name="Default test" finished-at="2022-09-27T19:35:45 IST" duration-ms="9371">
      <class name="Com.qa.test.API.FindCenterAPI">
        <test-method is-config="true" signature="beforeMethod(java.lang.reflect.Method)[pri:0, instance:Com.qa.test.API.FindCenterAPI@6c130c45]" started-at="2022-09-27T19:35:36 IST" name="beforeMethod" finished-at="2022-09-27T19:35:36 IST" duration-ms="157" status="PASS">
          <params>
            <param index="0">
              <value>
                <![CDATA[public static void Com.qa.test.API.FindCenterAPI.PostRequestForFindCenterAPI() throws java.io.IOException]]>
              </value>
            </param>
          </params>
          <reporter-output>
          </reporter-output>
        </test-method> <!-- beforeMethod -->
        <test-method signature="PostRequestForFindCenterAPI()[pri:0, instance:Com.qa.test.API.FindCenterAPI@6c130c45]" started-at="2022-09-27T19:35:36 IST" name="PostRequestForFindCenterAPI" finished-at="2022-09-27T19:35:45 IST" duration-ms="9047" status="PASS">
          <reporter-output>
          </reporter-output>
        </test-method> <!-- PostRequestForFindCenterAPI -->
        <test-method is-config="true" signature="afterMethod(org.testng.ITestResult)[pri:0, instance:Com.qa.test.API.FindCenterAPI@6c130c45]" started-at="2022-09-27T19:35:45 IST" name="afterMethod" finished-at="2022-09-27T19:35:45 IST" duration-ms="140" status="PASS">
          <params>
            <param index="0">
              <value>
                <![CDATA[[TestResult name=PostRequestForFindCenterAPI status=SUCCESS method=FindCenterAPI.PostRequestForFindCenterAPI()[pri:0, instance:Com.qa.test.API.FindCenterAPI@6c130c45] output={null}]]]>
              </value>
            </param>
          </params>
          <reporter-output>
          </reporter-output>
        </test-method> <!-- afterMethod -->
      </class> <!-- Com.qa.test.API.FindCenterAPI -->
    </test> <!-- Default test -->
  </suite> <!-- Default suite -->
</testng-results>
